============================= test session starts ==============================
platform linux -- Python 3.13.3, pytest-9.0.2, pluggy-1.6.0
rootdir: /mnt/d/My_Work/research/yuxilabs/products/earthlink/server
configfile: pyproject.toml
plugins: asyncio-1.3.0, anyio-4.12.1
asyncio: mode=Mode.AUTO, debug=False, asyncio_default_fixture_loop_scope=None, asyncio_default_test_loop_scope=function
collected 28 items / 1 error

==================================== ERRORS ====================================
____________ ERROR collecting tests/agents/core/test_integration.py ____________
ImportError while importing test module '/mnt/d/My_Work/research/yuxilabs/products/earthlink/server/tests/agents/core/test_integration.py'.
Hint: make sure your test modules/packages have valid Python names.
Traceback:
/usr/lib/python3.13/importlib/__init__.py:88: in import_module
    return _bootstrap._gcd_import(name[level:], package, level)
           ^^^^^^^^^^^^^^^^^^^^^^^^^^^^^^^^^^^^^^^^^^^^^^^^^^^^
tests/agents/core/test_integration.py:14: in <module>
    import wikipedia
E   ModuleNotFoundError: No module named 'wikipedia'
=========================== short test summary info ============================
ERROR tests/agents/core/test_integration.py
!!!!!!!!!!!!!!!!!!!!!!!!!! stopping after 1 failures !!!!!!!!!!!!!!!!!!!!!!!!!!!
============================== 1 error in 14.13s ===============================
